<?xml version="1.0" encoding="utf-8"?><testsuites name="pytest tests"><testsuite name="pytest" errors="0" failures="0" skipped="0" tests="24" time="1.427" timestamp="2026-04-30T10:39:21.407328+00:00" hostname="agent-env-31364a48-e9ea-4119-b8c5-755ae7a76d0c"><testcase classname="backend.tests.test_developments" name="test_health" time="0.129" /><testcase classname="backend.tests.test_developments" name="test_developments_list_count_and_shape" time="0.053" /><testcase classname="backend.tests.test_developments" name="test_stage_mix_expected" time="0.053" /><testcase classname="backend.tests.test_developments" name="test_filter_stage_preventa" time="0.047" /><testcase classname="backend.tests.test_developments" name="test_filter_colonia_single" time="0.045" /><testcase classname="backend.tests.test_developments" name="test_filter_colonia_multi" time="0.044" /><testcase classname="backend.tests.test_developments" name="test_filter_min_price" time="0.049" /><testcase classname="backend.tests.test_developments" name="test_filter_max_price" time="0.047" /><testcase classname="backend.tests.test_developments" name="test_filter_beds" time="0.057" /><testcase classname="backend.tests.test_developments" name="test_filter_amenity_multi" time="0.047" /><testcase classname="backend.tests.test_developments" name="test_filter_featured" time="0.046" /><testcase classname="backend.tests.test_developments" name="test_sort_price_asc" time="0.051" /><testcase classname="backend.tests.test_developments" name="test_sort_price_desc" time="0.052" /><testcase classname="backend.tests.test_developments" name="test_sort_sqm_desc" time="0.053" /><testcase classname="backend.tests.test_developments" name="test_development_detail_with_units" time="0.058" /><testcase classname="backend.tests.test_developments" name="test_development_detail_404" time="0.048" /><testcase classname="backend.tests.test_developments" name="test_units_filter_status" time="0.044" /><testcase classname="backend.tests.test_developments" name="test_units_filter_beds" time="0.045" /><testcase classname="backend.tests.test_developments" name="test_units_filter_combo" time="0.043" /><testcase classname="backend.tests.test_developments" name="test_similar_developments" time="0.044" /><testcase classname="backend.tests.test_developments" name="test_developer_detail" time="0.044" /><testcase classname="backend.tests.test_developments" name="test_briefing_first_and_cached" time="0.095" /><testcase classname="backend.tests.test_developments" name="test_ai_search_natural_query" time="0.092" /><testcase classname="backend.tests.test_developments" name="test_ai_search_empty_query" time="0.044" /></testsuite></testsuites>