<?xml version="1.0" encoding="utf-8"?><testsuites name="pytest tests"><testsuite name="pytest" errors="0" failures="0" skipped="0" tests="9" time="1.340" timestamp="2026-04-30T07:12:34.230303+00:00" hostname="agent-env-31364a48-e9ea-4119-b8c5-755ae7a76d0c"><testcase classname="backend.tests.test_api.TestHealth" name="test_health" time="0.248" /><testcase classname="backend.tests.test_api.TestColonias" name="test_get_colonias" time="0.142" /><testcase classname="backend.tests.test_api.TestColonias" name="test_colonia_fields" time="0.138" /><testcase classname="backend.tests.test_api.TestColonias" name="test_colonia_by_id" time="0.131" /><testcase classname="backend.tests.test_api.TestColonias" name="test_colonia_not_found" time="0.137" /><testcase classname="backend.tests.test_api.TestProperties" name="test_get_properties" time="0.134" /><testcase classname="backend.tests.test_api.TestProperties" name="test_property_fields" time="0.124" /><testcase classname="backend.tests.test_api.TestAuth" name="test_me_unauthenticated" time="0.102" /><testcase classname="backend.tests.test_api.TestAuth" name="test_logout" time="0.108" /></testsuite></testsuites>