<?xml version="1.0" encoding="utf-8"?><testsuites name="pytest tests"><testsuite name="pytest" errors="0" failures="0" skipped="0" tests="26" time="3.066" timestamp="2026-04-30T08:38:29.689173+00:00" hostname="agent-env-31364a48-e9ea-4119-b8c5-755ae7a76d0c"><testcase classname="backend.tests.test_api.TestHealth" name="test_health" time="0.208" /><testcase classname="backend.tests.test_api.TestColonias" name="test_list_colonias" time="0.112" /><testcase classname="backend.tests.test_api.TestColonias" name="test_colonia_by_id" time="0.113" /><testcase classname="backend.tests.test_api.TestColonias" name="test_colonia_not_found" time="0.137" /><testcase classname="backend.tests.test_api.TestColonias" name="test_colonia_propiedades" time="0.097" /><testcase classname="backend.tests.test_api.TestColonias" name="test_colonia_propiedades_404" time="0.109" /><testcase classname="backend.tests.test_api.TestPropertiesList" name="test_list_all" time="0.107" /><testcase classname="backend.tests.test_api.TestPropertiesList" name="test_filter_multi_colonia" time="0.123" /><testcase classname="backend.tests.test_api.TestPropertiesList" name="test_filter_min_price" time="0.101" /><testcase classname="backend.tests.test_api.TestPropertiesList" name="test_filter_max_price" time="0.105" /><testcase classname="backend.tests.test_api.TestPropertiesList" name="test_filter_min_sqm" time="0.105" /><testcase classname="backend.tests.test_api.TestPropertiesList" name="test_filter_beds" time="0.104" /><testcase classname="backend.tests.test_api.TestPropertiesList" name="test_filter_tipo_casa" time="0.099" /><testcase classname="backend.tests.test_api.TestPropertiesList" name="test_filter_tag_preventa" time="0.103" /><testcase classname="backend.tests.test_api.TestPropertiesList" name="test_filter_amenity_intersection" time="0.132" /><testcase classname="backend.tests.test_api.TestPropertiesList" name="test_sort_price_asc" time="0.106" /><testcase classname="backend.tests.test_api.TestPropertiesList" name="test_sort_price_desc" time="0.097" /><testcase classname="backend.tests.test_api.TestPropertiesList" name="test_sort_sqm_desc" time="0.106" /><testcase classname="backend.tests.test_api.TestPropertyDetail" name="test_get_p007" time="0.099" /><testcase classname="backend.tests.test_api.TestPropertyDetail" name="test_get_404" time="0.106" /><testcase classname="backend.tests.test_api.TestPropertyDetail" name="test_similares" time="0.112" /><testcase classname="backend.tests.test_api.TestPropertyDetail" name="test_similares_404" time="0.112" /><testcase classname="backend.tests.test_api.TestBriefing" name="test_briefing_first_and_cached" time="0.190" /><testcase classname="backend.tests.test_api.TestBriefing" name="test_briefing_404" time="0.110" /><testcase classname="backend.tests.test_api.TestAuthRegression" name="test_me_unauth" time="0.099" /><testcase classname="backend.tests.test_api.TestAuthRegression" name="test_logout" time="0.105" /></testsuite></testsuites>